<?xml version="1.0" encoding="UTF-8"?>
<testsuite name="com.service_kluch.MainKtTest" tests="17" skipped="0" failures="0" errors="0" timestamp="2022-04-02T15:38:21" hostname="DESKTOP-VJ0JOTI" time="0.147">
  <properties/>
  <testcase name="main_noteComment_getComments_commentNotFound" classname="com.service_kluch.MainKtTest" time="0.119"/>
  <testcase name="main_noteNotFoundException" classname="com.service_kluch.MainKtTest" time="0.001"/>
  <testcase name="main_noteComment_restoreComment_commentNotFound" classname="com.service_kluch.MainKtTest" time="0.0"/>
  <testcase name="main_noteComment_updateComment_commentNotFound" classname="com.service_kluch.MainKtTest" time="0.005"/>
  <testcase name="main_note_update_NotFoundException" classname="com.service_kluch.MainKtTest" time="0.0"/>
  <testcase name="main_note_update_success" classname="com.service_kluch.MainKtTest" time="0.0"/>
  <testcase name="main_noteComment_getComments_commentOwnerNotFound" classname="com.service_kluch.MainKtTest" time="0.0"/>
  <testcase name="main_noteComment_restoreComment_commentNotBelongToOwner" classname="com.service_kluch.MainKtTest" time="0.0"/>
  <testcase name="main_noteComment_restoreComment_commentNotDeleted" classname="com.service_kluch.MainKtTest" time="0.0"/>
  <testcase name="main_noteComment_updateComment_commentNotBelongToOwner" classname="com.service_kluch.MainKtTest" time="0.0"/>
  <testcase name="main_noteComment_deleteComment_success" classname="com.service_kluch.MainKtTest" time="0.0"/>
  <testcase name="main_noteComment_restoreComment_success" classname="com.service_kluch.MainKtTest" time="0.0"/>
  <testcase name="main_noteComment_getComments_success" classname="com.service_kluch.MainKtTest" time="0.015"/>
  <testcase name="main_note_getById_success" classname="com.service_kluch.MainKtTest" time="0.0"/>
  <testcase name="main_noteComment_updateComment_success" classname="com.service_kluch.MainKtTest" time="0.001"/>
  <testcase name="main_noteComment_deleteComment_commentNotFound" classname="com.service_kluch.MainKtTest" time="0.001"/>
  <testcase name="main_note_delete" classname="com.service_kluch.MainKtTest" time="0.002"/>
  <system-out><![CDATA[]]></system-out>
  <system-err><![CDATA[]]></system-err>
</testsuite>
